<?xml version="1.0" encoding="UTF-8"?>
<!-- Generated by org.testng.reporters.JUnitXMLReporter -->
<testsuite ignored="0" hostname="Swapnil" failures="0" tests="3" name="OwnProjectTest" time="0.248" errors="0" timestamp="2022-11-28T17:59:43 IST">
  <testcase classname="TestLayer.Testjava" name="method_one" time="0.014"/>
  <testcase classname="TestLayer.Testjava" name="method_two" time="0.002"/>
  <testcase classname="TestLayer.Testjava" name="method_three" time="0.001"/>
</testsuite> <!-- OwnProjectTest -->
