<?xml version="1.0" encoding="UTF-8"?>
<testng-results ignored="0" total="1" passed="1" failed="0" skipped="0">
  <reporter-output>
  </reporter-output>
  <suite started-at="2023-01-18T14:18:09 IST" name="Suite" finished-at="2023-01-18T14:18:37 IST" duration-ms="28818">
    <groups>
    </groups>
    <test started-at="2023-01-18T14:18:09 IST" name="Test" finished-at="2023-01-18T14:18:37 IST" duration-ms="28818">
      <class name="TestLayer.TestCogmento_one">
        <test-method is-config="true" signature="setup()[pri:0, instance:TestLayer.TestCogmento_one@3bd82cf5]" started-at="2023-01-18T14:18:09 IST" name="setup" finished-at="2023-01-18T14:18:16 IST" duration-ms="7064" status="PASS">
          <reporter-output>
          </reporter-output>
        </test-method> <!-- setup -->
        <test-method signature="login()[pri:1, instance:TestLayer.TestCogmento_one@3bd82cf5]" started-at="2023-01-18T14:18:16 IST" name="login" finished-at="2023-01-18T14:18:16 IST" duration-ms="368" status="PASS">
          <reporter-output>
          </reporter-output>
        </test-method> <!-- login -->
        <test-method is-config="true" signature="teardown()[pri:0, instance:TestLayer.TestCogmento_one@3bd82cf5]" started-at="2023-01-18T14:18:16 IST" name="teardown" finished-at="2023-01-18T14:18:37 IST" duration-ms="21340" status="PASS">
          <reporter-output>
          </reporter-output>
        </test-method> <!-- teardown -->
      </class> <!-- TestLayer.TestCogmento_one -->
    </test> <!-- Test -->
  </suite> <!-- Suite -->
</testng-results>
