<?xml version="1.0" encoding="UTF-8"?>
<testng-results ignored="0" total="1" passed="1" failed="0" skipped="0">
  <reporter-output>
  </reporter-output>
  <suite started-at="2023-01-18T14:15:28 IST" name="Suite" finished-at="2023-01-18T14:15:39 IST" duration-ms="11517">
    <groups>
    </groups>
    <test started-at="2023-01-18T14:15:28 IST" name="Test" finished-at="2023-01-18T14:15:39 IST" duration-ms="11517">
      <class name="TestLayer.TestCogmento_one">
        <test-method is-config="true" signature="setup()[pri:0, instance:TestLayer.TestCogmento_one@71809907]" started-at="2023-01-18T14:15:28 IST" name="setup" finished-at="2023-01-18T14:15:34 IST" duration-ms="6130" status="PASS">
          <reporter-output>
          </reporter-output>
        </test-method> <!-- setup -->
        <test-method signature="login()[pri:1, instance:TestLayer.TestCogmento_one@71809907]" started-at="2023-01-18T14:15:34 IST" name="login" finished-at="2023-01-18T14:15:34 IST" duration-ms="192" status="PASS">
          <reporter-output>
          </reporter-output>
        </test-method> <!-- login -->
        <test-method is-config="true" signature="teardown()[pri:0, instance:TestLayer.TestCogmento_one@71809907]" started-at="2023-01-18T14:15:34 IST" name="teardown" finished-at="2023-01-18T14:15:39 IST" duration-ms="5160" status="PASS">
          <reporter-output>
          </reporter-output>
        </test-method> <!-- teardown -->
      </class> <!-- TestLayer.TestCogmento_one -->
    </test> <!-- Test -->
  </suite> <!-- Suite -->
</testng-results>
